make.exe all --print-data-base --no-builtin-variables --no-builtin-rules --question
make: *** No rule to make target 'all'.  Stop.

# GNU Make 4.3.90
# Built for x86_64-w64-mingw32
# Copyright (C) 1988-2022 Free Software Foundation, Inc.
# License GPLv3+: GNU GPL version 3 or later <https://gnu.org/licenses/gpl.html>
# This is free software: you are free to change and redistribute it.
# There is NO WARRANTY, to the extent permitted by law.

# Make data base, printed on Fri Jun 10 15:00:01 2022

# Variables

# environment
SYSTEMDRIVE = C:
# environment
LC_ALL = C
# environment
USERPROFILE = C:\Users\Lahm
# environment
LOCALAPPDATA = C:\Users\Lahm\AppData\Local
# environment
VSCODE_IPC_HOOK_EXTHOST = \\.\pipe\vscode-ipc-0f4d1ed3-a288-4927-9a3e-c565881432ea-sock
# environment
VSCODE_CWD = C:\Users\Lahm\AppData\Local\Programs\Microsoft VS Code
# environment
SYSTEMROOT = C:\Windows
# environment
PROCESSOR_LEVEL = 6
# environment
PSMODULEPATH = C:\Program Files\WindowsPowerShell\Modules;C:\Windows\system32\WindowsPowerShell\v1.0\Modules
# default
MAKE_COMMAND := make.exe
# automatic
@D = $(patsubst %/,%,$(patsubst %\,%,$(dir $@)))
# environment
CHROME_CRASHPAD_PIPE_NAME = \\.\pipe\crashpad_18804_MUPUIPWPYFBLTAAI
# environment
VSCODE_HANDLES_UNCAUGHT_ERRORS = true
# default
.VARIABLES := 
# automatic
%D = $(patsubst %/,%,$(patsubst %\,%,$(dir $%)))
# automatic
^D = $(patsubst %/,%,$(patsubst %\,%,$(dir $^)))
# environment
VSCODE_LOG_STACK = false
# automatic
%F = $(notdir $%)
# environment
VSCODE_CODE_CACHE_PATH = C:\Users\Lahm\AppData\Roaming\Code\CachedData\4af164ea3a06f701fe3e89a2bcbb421d2026b68f
# environment
LANG = C
# default
.LOADED := 
# environment
TMP = C:\Users\Lahm\AppData\Local\Temp
# default
.INCLUDE_DIRS := 
# makefile
MAKEFLAGS = pqrR
# environment
ONEDRIVE = C:\Users\Lahm\OneDrive
# makefile
CURDIR := c:/Users/Lahm/Desktop/work/stm32/uhf/uhf_slave
# environment
VSCODE_PIPE_LOGGING = true
# environment
APPLICATION_INSIGHTS_NO_DIAGNOSTIC_CHANNEL = 1
# automatic
*D = $(patsubst %/,%,$(patsubst %\,%,$(dir $*)))
# environment
PROGRAMFILES = C:\Program Files
# environment
MFLAGS = -pqrR
# default
.SHELLFLAGS := -c
# environment
COMMONPROGRAMW6432 = C:\Program Files\Common Files
# automatic
+D = $(patsubst %/,%,$(patsubst %\,%,$(dir $+)))
# makefile
MAKEFILE_LIST := 
# automatic
@F = $(notdir $@)
# environment
VSCODE_VERBOSE_LOGGING = true
# environment
VSCODE_PID = 18804
# automatic
?D = $(patsubst %/,%,$(patsubst %\,%,$(dir $?)))
# automatic
*F = $(notdir $*)
# automatic
<D = $(patsubst %/,%,$(patsubst %\,%,$(dir $<)))
# environment
VSCODE_NLS_CONFIG = {"locale":"ko","availableLanguages":{"*":"ko"},"_languagePackId":"738ac08552cca045871a73764b8c446f.ko","_translationsConfigFile":"C:\\Users\\Lahm\\AppData\\Roaming\\Code\\clp\\738ac08552cca045871a73764b8c446f.ko\\tcf.json","_cacheRoot":"C:\\Users\\Lahm\\AppData\\Roaming\\Code\\clp\\738ac08552cca045871a73764b8c446f.ko","_resolvedLanguagePackCoreLocation":"C:\\Users\\Lahm\\AppData\\Roaming\\Code\\clp\\738ac08552cca045871a73764b8c446f.ko\\4af164ea3a06f701fe3e89a2bcbb421d2026b68f","_corruptedFile":"C:\\Users\\Lahm\\AppData\\Roaming\\Code\\clp\\738ac08552cca045871a73764b8c446f.ko\\corrupted.info","_languagePackSupport":true}
# environment
ONEDRIVECONSUMER = C:\Users\Lahm\OneDrive
# default
MAKE_HOST := x86_64-w64-mingw32
# environment
PROGRAMDATA = C:\ProgramData
# default
SHELL := C:/vsarm/xpack-windows-build-tools-4.3.0-1/bin/sh.exe
# environment
HOMEPATH = \Users\Lahm
# default
MAKECMDGOALS := all
# environment
DRIVERDATA = C:\Windows\System32\Drivers\DriverData
# environment
COMSPEC = C:\Windows\system32\cmd.exe
# environment
PICO_SDK_PATH = C:\pico_dev\pico-sdk
# environment
WINDIR = C:\Windows
# environment
MAKELEVEL := 0
# default
MAKE = $(MAKE_COMMAND)
# environment
PATH = C:\Windows\system32;C:\Windows;C:\Windows\System32\Wbem;C:\Windows\System32\WindowsPowerShell\v1.0\;C:\Windows\System32\OpenSSH\;C:\Program Files\NVIDIA Corporation\NVIDIA NvDLISR;C:\Program Files (x86)\NVIDIA Corporation\PhysX\Common;C:\Program Files\dotnet\;C:\Program Files\Bandizip\;C:\Program Files\nodejs\;C:\Program Files\CMake\bin;C:\Program Files\Git\cmd;C:\vsarm\mingw32\bin;C:\src\flutter\bin;C:\Users\Lahm\AppData\Local\Pub\Cache\bin;C:\Users\Lahm\AppData\Local\Programs\Python\Python38\Scripts\;C:\Users\Lahm\AppData\Local\Programs\Python\Python38\;C:\Users\Lahm\AppData\Local\Microsoft\WindowsApps;C:\Users\Lahm\.dotnet\tools;C:\Users\Lahm\AppData\Local\Programs\Microsoft VS Code\bin;C:\Users\Lahm\AppData\Local\atom\bin;C:\Users\Lahm\AppData\Roaming\npm;C:\vsarm\gcc-arm-none-eabi-10-2020-q4\bin;C:\vsarm\xpack-windows-build-tools-4.3.0-1\bin;C:\Users\Lahm\AppData\Local\Pub\Cache\bin;
# environment
ZES_ENABLE_SYSMAN = 1
# environment
COMPUTERNAME = DESKTOP-RL2J2QA
# default
MAKEFILES := 
# automatic
^F = $(notdir $^)
# environment
PROMPT = $P$G
# environment
LOGONSERVER = \\DESKTOP-RL2J2QA
# environment
VSCODE_LOG_NATIVE = false
# environment
USERNAME = Lahm
# environment
COMMONPROGRAMFILES = C:\Program Files\Common Files
# automatic
?F = $(notdir $?)
# environment
PROGRAMW6432 = C:\Program Files
# environment
PATHEXT = .COM;.EXE;.BAT;.CMD;.VBS;.VBE;.JS;.JSE;.WSF;.WSH;.MSC
# automatic
+F = $(notdir $+)
# environment
ORIGINAL_XDG_CURRENT_DESKTOP = undefined
# environment
USERDOMAIN = DESKTOP-RL2J2QA
# 'override' directive
GNUMAKEFLAGS := 
# environment
OS = Windows_NT
# environment
__COMPAT_LAYER = DetectorsAppHealth
# makefile
.DEFAULT_GOAL := 
# default
MAKE_VERSION := 4.3.90
# environment
PROGRAMFILES(X86) = C:\Program Files (x86)
# environment
USERDOMAIN_ROAMINGPROFILE = DESKTOP-RL2J2QA
# environment
NUMBER_OF_PROCESSORS = 8
# environment
PUBLIC = C:\Users\Public
# environment
APPDATA = C:\Users\Lahm\AppData\Roaming
# environment
HOMEDRIVE = C:
# environment
PROCESSOR_ARCHITECTURE = AMD64
# environment
VSCODE_AMD_ENTRYPOINT = vs/workbench/api/node/extensionHostProcess
# environment
COMMONPROGRAMFILES(X86) = C:\Program Files (x86)\Common Files
# environment
ELECTRON_RUN_AS_NODE = 1
# environment
TEMP = C:\Users\Lahm\AppData\Local\Temp
# environment
VSCODE_IPC_HOOK = \\.\pipe\dd93e2f927ea1b785955f8df590da4e0-1.68.0-main-sock
# default
.RECIPEPREFIX := 
# automatic
<F = $(notdir $<)
# default
SUFFIXES := 
# environment
ALLUSERSPROFILE = C:\ProgramData
# environment
SESSIONNAME = Console
# default
.FEATURES := target-specific order-only second-expansion else-if shortest-stem undefine oneshell nocomment grouped-target extra-prereqs notintermediate archives jobserver output-sync maintainer
# environment
PROCESSOR_REVISION = 8c01
# environment
PROCESSOR_IDENTIFIER = Intel64 Family 6 Model 140 Stepping 1, GenuineIntel
# variable set hash-table stats:
# Load=95/1024=9%, Rehash=0, Collisions=10/118=8%

# Pattern-specific Variable Values

# No pattern-specific variable values.

# Directories

# . (key c:/Users/Lahm/Desktop/work/stm32/uhf/uhf_slave, mtime 1651048514): 14 files, no impossibilities.

# 14 files, no impossibilities in 1 directories.

# Implicit Rules

# No implicit rules.

# Files

# Not a target:
Makefile:
#  Implicit rule search has been done.
#  File does not exist.
#  File has been updated.
#  Failed to be updated.

# Not a target:
.DEFAULT:
#  Implicit rule search has not been done.
#  Modification time never checked.
#  File has not been updated.

# Not a target:
all:
#  Command line target.
#  Implicit rule search has been done.
#  File does not exist.
#  File has not been updated.

# Not a target:
makefile:
#  Implicit rule search has been done.
#  File does not exist.
#  File has been updated.
#  Failed to be updated.

# Not a target:
makefile.mak:
#  Implicit rule search has been done.
#  File does not exist.
#  File has been updated.
#  Failed to be updated.

# Not a target:
GNUmakefile:
#  Implicit rule search has been done.
#  File does not exist.
#  File has been updated.
#  Failed to be updated.

# files hash-table stats:
# Load=7/1024=1%, Rehash=0, Collisions=0/17=0%
# VPATH Search Paths

# No 'vpath' search paths.

# No general ('VPATH' variable) search path.

# strcache buffers: 1 (0) / strings = 21 / storage = 213 B / avg = 10 B
# current buf: size = 8162 B / used = 213 B / count = 21 / avg = 10 B

# strcache performance: lookups = 23 / hit rate = 8%
# hash-table stats:
# Load=21/8192=0%, Rehash=0, Collisions=0/23=0%
# Finished Make data base on Fri Jun 10 15:00:01 2022

 
